Determining if the pthread_create exist failed with the following output:
Change Dir: /home/stefanzhu/Documents/2020 Spring/Programming_familiarization/Programming Familiarization Part 2/catkin_ws/build/CMakeFiles/CMakeTmp

Run Build Command:"/usr/bin/make" "cmTC_563b8/fast"
/usr/bin/make -f CMakeFiles/cmTC_563b8.dir/build.make CMakeFiles/cmTC_563b8.dir/build
make[1]: Entering directory '/home/stefanzhu/Documents/2020 Spring/Programming_familiarization/Programming Familiarization Part 2/catkin_ws/build/CMakeFiles/CMakeTmp'
Building C object CMakeFiles/cmTC_563b8.dir/CheckSymbolExists.c.o
/usr/bin/cc     -o CMakeFiles/cmTC_563b8.dir/CheckSymbolExists.c.o   -c "/home/stefanzhu/Documents/2020 Spring/Programming_familiarization/Programming Familiarization Part 2/catkin_ws/build/CMakeFiles/CMakeTmp/CheckSymbolExists.c"
Linking C executable cmTC_563b8
/usr/bin/cmake -E cmake_link_script CMakeFiles/cmTC_563b8.dir/link.txt --verbose=1
/usr/bin/cc       CMakeFiles/cmTC_563b8.dir/CheckSymbolExists.c.o  -o cmTC_563b8 -rdynamic 
CMakeFiles/cmTC_563b8.dir/CheckSymbolExists.c.o: In function `main':
CheckSymbolExists.c:(.text+0x16): undefined reference to `pthread_create'
collect2: error: ld returned 1 exit status
CMakeFiles/cmTC_563b8.dir/build.make:97: recipe for target 'cmTC_563b8' failed
make[1]: *** [cmTC_563b8] Error 1
make[1]: Leaving directory '/home/stefanzhu/Documents/2020 Spring/Programming_familiarization/Programming Familiarization Part 2/catkin_ws/build/CMakeFiles/CMakeTmp'
Makefile:126: recipe for target 'cmTC_563b8/fast' failed
make: *** [cmTC_563b8/fast] Error 2

File /home/stefanzhu/Documents/2020 Spring/Programming_familiarization/Programming Familiarization Part 2/catkin_ws/build/CMakeFiles/CMakeTmp/CheckSymbolExists.c:
/* */
#include <pthread.h>

int main(int argc, char** argv)
{
  (void)argv;
#ifndef pthread_create
  return ((int*)(&pthread_create))[argc];
#else
  (void)argc;
  return 0;
#endif
}

Determining if the function pthread_create exists in the pthreads failed with the following output:
Change Dir: /home/stefanzhu/Documents/2020 Spring/Programming_familiarization/Programming Familiarization Part 2/catkin_ws/build/CMakeFiles/CMakeTmp

Run Build Command:"/usr/bin/make" "cmTC_2ea55/fast"
/usr/bin/make -f CMakeFiles/cmTC_2ea55.dir/build.make CMakeFiles/cmTC_2ea55.dir/build
make[1]: Entering directory '/home/stefanzhu/Documents/2020 Spring/Programming_familiarization/Programming Familiarization Part 2/catkin_ws/build/CMakeFiles/CMakeTmp'
Building C object CMakeFiles/cmTC_2ea55.dir/CheckFunctionExists.c.o
/usr/bin/cc    -DCHECK_FUNCTION_EXISTS=pthread_create   -o CMakeFiles/cmTC_2ea55.dir/CheckFunctionExists.c.o   -c /usr/share/cmake-3.5/Modules/CheckFunctionExists.c
Linking C executable cmTC_2ea55
/usr/bin/cmake -E cmake_link_script CMakeFiles/cmTC_2ea55.dir/link.txt --verbose=1
/usr/bin/cc   -DCHECK_FUNCTION_EXISTS=pthread_create    CMakeFiles/cmTC_2ea55.dir/CheckFunctionExists.c.o  -o cmTC_2ea55 -rdynamic -lpthreads 
/usr/bin/x86_64-linux-gnu-ld: cannot find -lpthreads
collect2: error: ld returned 1 exit status
CMakeFiles/cmTC_2ea55.dir/build.make:97: recipe for target 'cmTC_2ea55' failed
make[1]: *** [cmTC_2ea55] Error 1
make[1]: Leaving directory '/home/stefanzhu/Documents/2020 Spring/Programming_familiarization/Programming Familiarization Part 2/catkin_ws/build/CMakeFiles/CMakeTmp'
Makefile:126: recipe for target 'cmTC_2ea55/fast' failed
make: *** [cmTC_2ea55/fast] Error 2


